<?xml version="1.0" encoding="UTF-8"?>
<TestRun id="2a951a2b-8423-48b8-94ed-52f86e9a80fb" name="monash@EED-2710-DEV 2010-02-24 22:25:05" runUser="eEd-2710-dev\monash" xmlns="http://microsoft.com/schemas/VisualStudio/TeamTest/2006">
  <TestRunConfiguration name="Local Test Run" id="eef31c20-bbef-4958-a7ce-d6984143827b">
    <Description>This is a default test run configuration for a local test run.</Description>
    <Deployment runDeploymentRoot="C:\sandRibbon\TestResults\monash_EED-2710-DEV 2010-02-24 22_25_05">
      <DeploymentItem filename="C:\sandRibbon\SandRibbon\lib\agsXMPP.dll" />
      <DeploymentItem filename="C:\sandRibbon\SandRibbonInterop\bin\Release\SandRibbonInterop.dll" />
      <DeploymentItem filename="C:\sandRibbon\SandRibbon\bin\Debug\MeTL.exe" />
      <DeploymentItem filename="C:\sandRibbon\SandRibbon\lib\Divelements.SandRibbon.dll" />
    </Deployment>
    <TestTypeSpecific />
  </TestRunConfiguration>
  <ResultSummary outcome="Failed">
    <Counters total="1" executed="1" error="0" failed="1" timeout="0" aborted="0" inconclusive="0" passedButRunAborted="0" notRunnable="0" notExecuted="0" disconnected="0" warning="0" passed="0" completed="0" inProgress="0" pending="0" />
    <RunInfos>
      <RunInfo computerName="EED-2710-DEV" outcome="Warning" timestamp="2010-02-24T22:25:06.7134251+11:00">
        <Text>Warning: Test Run deployment issue: The assembly or module 'nunit.framework' directly or indirectly referenced by the test container 'c:\sandribbon\functional\bin\release\functional.dll' was not found.</Text>
      </RunInfo>
    </RunInfos>
  </ResultSummary>
  <Times creation="2010-02-24T22:25:05.0953326+11:00" queuing="2010-02-24T22:25:08.4215228+11:00" start="2010-02-24T22:25:09.2295691+11:00" finish="2010-02-24T22:25:14.7208831+11:00" />
  <TestDefinitions>
    <UnitTest name="BillModifiesBensConversation" storage="c:\sandribbon\functional\bin\release\functional.dll" id="90202b7c-a698-66c4-2037-feb7327acdd1">
      <Css projectStructure="" iteration="" />
      <Owners>
        <Owner name="" />
      </Owners>
      <Execution id="ee938946-83dc-407a-9f6a-a184ede8d6b1" />
      <TestMethod codeBase="C:\sandRibbon\Functional\bin\Release\Functional.dll" adapterTypeName="Microsoft.VisualStudio.TestTools.TestTypes.Unit.UnitTestAdapter, Microsoft.VisualStudio.QualityTools.Tips.UnitTest.Adapter, Version=9.0.0.0, Culture=neutral, PublicKeyToken=b03f5f7f11d50a3a" className="Functional.ConversationEditingInMultipleUserSpace, Functional" name="BillModifiesBensConversation" />
    </UnitTest>
  </TestDefinitions>
  <TestLists>
    <TestList name="Results Not in a List" id="8c84fa94-04c1-424b-9868-57a2d4851a1d" />
    <TestList name="All Loaded Results" id="19431567-8539-422a-85d7-44ee4e166bda" />
  </TestLists>
  <TestEntries>
    <TestEntry testId="90202b7c-a698-66c4-2037-feb7327acdd1" executionId="ee938946-83dc-407a-9f6a-a184ede8d6b1" testListId="8c84fa94-04c1-424b-9868-57a2d4851a1d" />
  </TestEntries>
  <Results>
    <UnitTestResult executionId="ee938946-83dc-407a-9f6a-a184ede8d6b1" testId="90202b7c-a698-66c4-2037-feb7327acdd1" testName="BillModifiesBensConversation" computerName="EED-2710-DEV" duration="00:00:00" startTime="2010-02-24T22:25:09.5275861+11:00" endTime="2010-02-24T22:25:14.4028649+11:00" testType="13cdc9d9-ddb5-4fa4-a97d-d965ccfc6d4b" outcome="Failed" testListId="8c84fa94-04c1-424b-9868-57a2d4851a1d">
      <Output>
        <ErrorInfo>
          <Message>Class Initialization method Functional.ConversationEditingInMultipleUserSpace.MyClassInitialize threw exception. System.Windows.Automation.ElementNotEnabledException:  System.Windows.Automation.ElementNotEnabledException: The operation is not allowed on a nonenabled element.
   at MS.Internal.Automation.ElementUtil.Invoke(AutomationPeer peer, DispatcherOperationCallback work, Object arg)
   at MS.Internal.Automation.InvokeProviderWrapper.Invoke().</Message>
          <StackTrace>    at MS.Internal.Automation.UiaCoreApi.CheckError(Int32 hr)
   at System.Windows.Automation.InvokePattern.Invoke()
   at Functional.AutomationExtensions.Invoke(AutomationElement element) in C:\sandRibbon\Functional\AutomationExtensions.cs:line 61
   at Functional.ConversationEditingInMultipleUserSpace.MyClassInitialize(TestContext testContext) in C:\sandRibbon\Functional\ConversationEditingInMultipleUserSpace.cs:line 45
</StackTrace>
        </ErrorInfo>
      </Output>
    </UnitTestResult>
  </Results>
</TestRun>